SF:lib/data/remote/responses/auth_response.dart
DA:8,1
DA:14,1
LF:2
LH:2
end_of_record
SF:lib/domain/auth/user_auth_cubit.dart
DA:16,3
DA:18,1
DA:22,4
DA:28,1
DA:29,2
DA:30,1
DA:38,1
DA:42,4
DA:47,1
DA:48,2
DA:49,1
DA:57,1
DA:58,3
DA:59,4
DA:68,3
DA:69,1
DA:70,3
DA:80,2
DA:81,1
DA:82,1
DA:83,3
DA:85,1
DA:86,3
DA:91,0
DA:92,0
DA:94,0
DA:95,0
DA:100,2
DA:101,1
DA:102,3
LF:30
LH:26
end_of_record
SF:lib/domain/auth/user_auth_state.dart
DA:10,2
DA:19,1
LF:2
LH:2
end_of_record
SF:lib/data/remote/requests/user_auth_request.dart
DA:6,1
LF:1
LH:1
end_of_record
SF:lib/domain/entities/app_data.dart
DA:8,2
LF:1
LH:1
end_of_record
SF:lib/domain/entities/app_error.dart
DA:7,4
LF:1
LH:1
end_of_record
SF:lib/domain/entities/user_entity.dart
DA:8,1
LF:1
LH:1
end_of_record
SF:lib/domain/mapper/user_entity_domain_mapper.dart
DA:7,1
DA:8,0
DA:10,0
DA:11,0
DA:12,0
DA:13,0
DA:17,1
DA:19,1
DA:20,1
DA:21,1
DA:22,1
LF:11
LH:6
end_of_record
SF:lib/domain/util/validator.dart
DA:1,1
DA:4,2
DA:7,1
DA:8,2
LF:4
LH:4
end_of_record
SF:lib/domain/mapper/app_error_mapper.dart
DA:4,0
DA:5,0
DA:6,0
DA:10,0
DA:14,0
LF:5
LH:0
end_of_record
